20-Apr-2025 22:16:16.264 INFO [main] org.apache.catalina.startup.VersionLoggerListener.log Server version name:   Apache Tomcat/9.0.104
20-Apr-2025 22:16:16.268 INFO [main] org.apache.catalina.startup.VersionLoggerListener.log Server built:          Apr 4 2025 12:32:55 UTC
20-Apr-2025 22:16:16.269 INFO [main] org.apache.catalina.startup.VersionLoggerListener.log Server version number: 9.0.104.0
20-Apr-2025 22:16:16.269 INFO [main] org.apache.catalina.startup.VersionLoggerListener.log OS Name:               Windows 11
20-Apr-2025 22:16:16.269 INFO [main] org.apache.catalina.startup.VersionLoggerListener.log OS Version:            10.0
20-Apr-2025 22:16:16.270 INFO [main] org.apache.catalina.startup.VersionLoggerListener.log Architecture:          amd64
20-Apr-2025 22:16:16.270 INFO [main] org.apache.catalina.startup.VersionLoggerListener.log Java Home:             C:\Program Files\Java\jdk-24
20-Apr-2025 22:16:16.271 INFO [main] org.apache.catalina.startup.VersionLoggerListener.log JVM Version:           24.0.1+9-30
20-Apr-2025 22:16:16.271 INFO [main] org.apache.catalina.startup.VersionLoggerListener.log JVM Vendor:            Oracle Corporation
20-Apr-2025 22:16:16.273 INFO [main] org.apache.catalina.startup.VersionLoggerListener.log CATALINA_BASE:         C:\Users\sohel\OneDrive\Desktop\Projrct Structure\food-ordering-frontend\apache-tomcat-9.0.104-windows-x64\apache-tomcat-9.0.104
20-Apr-2025 22:16:16.273 INFO [main] org.apache.catalina.startup.VersionLoggerListener.log CATALINA_HOME:         C:\Users\sohel\OneDrive\Desktop\Projrct Structure\food-ordering-frontend\apache-tomcat-9.0.104-windows-x64\apache-tomcat-9.0.104
20-Apr-2025 22:16:16.284 INFO [main] org.apache.catalina.startup.VersionLoggerListener.log Command line argument: --add-opens=java.base/java.lang=ALL-UNNAMED
20-Apr-2025 22:16:16.284 INFO [main] org.apache.catalina.startup.VersionLoggerListener.log Command line argument: --add-opens=java.base/java.lang.invoke=ALL-UNNAMED
20-Apr-2025 22:16:16.285 INFO [main] org.apache.catalina.startup.VersionLoggerListener.log Command line argument: --add-opens=java.base/java.lang.reflect=ALL-UNNAMED
20-Apr-2025 22:16:16.285 INFO [main] org.apache.catalina.startup.VersionLoggerListener.log Command line argument: --add-opens=java.base/java.io=ALL-UNNAMED
20-Apr-2025 22:16:16.287 INFO [main] org.apache.catalina.startup.VersionLoggerListener.log Command line argument: --add-opens=java.base/java.util=ALL-UNNAMED
20-Apr-2025 22:16:16.287 INFO [main] org.apache.catalina.startup.VersionLoggerListener.log Command line argument: --add-opens=java.base/java.util.concurrent=ALL-UNNAMED
20-Apr-2025 22:16:16.288 INFO [main] org.apache.catalina.startup.VersionLoggerListener.log Command line argument: --add-opens=java.rmi/sun.rmi.transport=ALL-UNNAMED
20-Apr-2025 22:16:16.288 INFO [main] org.apache.catalina.startup.VersionLoggerListener.log Command line argument: -Djava.util.logging.config.file=C:\Users\sohel\OneDrive\Desktop\Projrct Structure\food-ordering-frontend\apache-tomcat-9.0.104-windows-x64\apache-tomcat-9.0.104\conf\logging.properties
20-Apr-2025 22:16:16.288 INFO [main] org.apache.catalina.startup.VersionLoggerListener.log Command line argument: -Djava.util.logging.manager=org.apache.juli.ClassLoaderLogManager
20-Apr-2025 22:16:16.289 INFO [main] org.apache.catalina.startup.VersionLoggerListener.log Command line argument: -Djdk.tls.ephemeralDHKeySize=2048
20-Apr-2025 22:16:16.289 INFO [main] org.apache.catalina.startup.VersionLoggerListener.log Command line argument: -Djava.protocol.handler.pkgs=org.apache.catalina.webresources
20-Apr-2025 22:16:16.290 INFO [main] org.apache.catalina.startup.VersionLoggerListener.log Command line argument: -Dsun.io.useCanonCaches=false
20-Apr-2025 22:16:16.290 INFO [main] org.apache.catalina.startup.VersionLoggerListener.log Command line argument: -Dignore.endorsed.dirs=
20-Apr-2025 22:16:16.291 INFO [main] org.apache.catalina.startup.VersionLoggerListener.log Command line argument: -Dcatalina.base=C:\Users\sohel\OneDrive\Desktop\Projrct Structure\food-ordering-frontend\apache-tomcat-9.0.104-windows-x64\apache-tomcat-9.0.104
20-Apr-2025 22:16:16.291 INFO [main] org.apache.catalina.startup.VersionLoggerListener.log Command line argument: -Dcatalina.home=C:\Users\sohel\OneDrive\Desktop\Projrct Structure\food-ordering-frontend\apache-tomcat-9.0.104-windows-x64\apache-tomcat-9.0.104
20-Apr-2025 22:16:16.291 INFO [main] org.apache.catalina.startup.VersionLoggerListener.log Command line argument: -Djava.io.tmpdir=C:\Users\sohel\OneDrive\Desktop\Projrct Structure\food-ordering-frontend\apache-tomcat-9.0.104-windows-x64\apache-tomcat-9.0.104\temp
20-Apr-2025 22:16:16.306 INFO [main] org.apache.catalina.core.AprLifecycleListener.lifecycleEvent Loaded Apache Tomcat Native library [1.3.1] using APR version [1.7.4].
20-Apr-2025 22:16:16.306 INFO [main] org.apache.catalina.core.AprLifecycleListener.lifecycleEvent APR capabilities: IPv6 [true], sendfile [true], accept filters [false], random [true], UDS [true].
20-Apr-2025 22:16:16.307 INFO [main] org.apache.catalina.core.AprLifecycleListener.lifecycleEvent APR/OpenSSL configuration: useAprConnector [false], useOpenSSL [true]
20-Apr-2025 22:16:16.338 INFO [main] org.apache.catalina.core.AprLifecycleListener.initializeSSL OpenSSL successfully initialized [OpenSSL 3.0.14 4 Jun 2024]
20-Apr-2025 22:16:16.915 INFO [main] org.apache.coyote.AbstractProtocol.init Initializing ProtocolHandler ["http-nio-8080"]
20-Apr-2025 22:16:16.960 INFO [main] org.apache.catalina.startup.Catalina.load Server initialization in [1060] milliseconds
20-Apr-2025 22:16:17.066 INFO [main] org.apache.catalina.core.StandardService.startInternal Starting service [Catalina]
20-Apr-2025 22:16:17.067 INFO [main] org.apache.catalina.core.StandardEngine.startInternal Starting Servlet engine: [Apache Tomcat/9.0.104]
20-Apr-2025 22:16:17.085 INFO [main] org.apache.catalina.startup.HostConfig.deployDirectory Deploying web application directory [C:\Users\sohel\OneDrive\Desktop\Projrct Structure\food-ordering-frontend\apache-tomcat-9.0.104-windows-x64\apache-tomcat-9.0.104\webapps\docs]
20-Apr-2025 22:16:17.770 INFO [main] org.apache.catalina.startup.HostConfig.deployDirectory Deployment of web application directory [C:\Users\sohel\OneDrive\Desktop\Projrct Structure\food-ordering-frontend\apache-tomcat-9.0.104-windows-x64\apache-tomcat-9.0.104\webapps\docs] has finished in [673] ms
20-Apr-2025 22:16:17.778 INFO [main] org.apache.catalina.startup.HostConfig.deployDirectory Deploying web application directory [C:\Users\sohel\OneDrive\Desktop\Projrct Structure\food-ordering-frontend\apache-tomcat-9.0.104-windows-x64\apache-tomcat-9.0.104\webapps\examples]
20-Apr-2025 22:16:18.697 INFO [main] org.apache.catalina.startup.HostConfig.deployDirectory Deployment of web application directory [C:\Users\sohel\OneDrive\Desktop\Projrct Structure\food-ordering-frontend\apache-tomcat-9.0.104-windows-x64\apache-tomcat-9.0.104\webapps\examples] has finished in [919] ms
20-Apr-2025 22:16:18.698 INFO [main] org.apache.catalina.startup.HostConfig.deployDirectory Deploying web application directory [C:\Users\sohel\OneDrive\Desktop\Projrct Structure\food-ordering-frontend\apache-tomcat-9.0.104-windows-x64\apache-tomcat-9.0.104\webapps\host-manager]
20-Apr-2025 22:16:18.850 INFO [main] org.apache.catalina.startup.HostConfig.deployDirectory Deployment of web application directory [C:\Users\sohel\OneDrive\Desktop\Projrct Structure\food-ordering-frontend\apache-tomcat-9.0.104-windows-x64\apache-tomcat-9.0.104\webapps\host-manager] has finished in [151] ms
20-Apr-2025 22:16:18.851 INFO [main] org.apache.catalina.startup.HostConfig.deployDirectory Deploying web application directory [C:\Users\sohel\OneDrive\Desktop\Projrct Structure\food-ordering-frontend\apache-tomcat-9.0.104-windows-x64\apache-tomcat-9.0.104\webapps\manager]
20-Apr-2025 22:16:18.963 INFO [main] org.apache.catalina.startup.HostConfig.deployDirectory Deployment of web application directory [C:\Users\sohel\OneDrive\Desktop\Projrct Structure\food-ordering-frontend\apache-tomcat-9.0.104-windows-x64\apache-tomcat-9.0.104\webapps\manager] has finished in [112] ms
20-Apr-2025 22:16:18.964 INFO [main] org.apache.catalina.startup.HostConfig.deployDirectory Deploying web application directory [C:\Users\sohel\OneDrive\Desktop\Projrct Structure\food-ordering-frontend\apache-tomcat-9.0.104-windows-x64\apache-tomcat-9.0.104\webapps\ROOT]
20-Apr-2025 22:16:19.041 INFO [main] org.apache.catalina.startup.HostConfig.deployDirectory Deployment of web application directory [C:\Users\sohel\OneDrive\Desktop\Projrct Structure\food-ordering-frontend\apache-tomcat-9.0.104-windows-x64\apache-tomcat-9.0.104\webapps\ROOT] has finished in [77] ms
20-Apr-2025 22:16:19.051 INFO [main] org.apache.coyote.AbstractProtocol.start Starting ProtocolHandler ["http-nio-8080"]
20-Apr-2025 22:16:19.110 INFO [main] org.apache.catalina.startup.Catalina.start Server startup in [2145] milliseconds
